\BOOKMARK [0][-]{chapter.1}{Introduction}{}% 1
\BOOKMARK [0][-]{chapter.2}{Research context}{}% 2
\BOOKMARK [1][-]{section.2.1}{Definitions and notation}{chapter.2}% 3
\BOOKMARK [2][-]{subsection.2.1.1}{Image representation}{section.2.1}% 4
\BOOKMARK [2][-]{subsection.2.1.2}{Gradient}{section.2.1}% 5
\BOOKMARK [2][-]{subsection.2.1.3}{Activation functions}{section.2.1}% 6
\BOOKMARK [2][-]{subsection.2.1.4}{Metrics}{section.2.1}% 7
\BOOKMARK [2][-]{subsection.2.1.5}{Data}{section.2.1}% 8
\BOOKMARK [1][-]{section.2.2}{Machine learning}{chapter.2}% 9
\BOOKMARK [2][-]{subsection.2.2.1}{Supervised and unsupervised learning}{section.2.2}% 10
\BOOKMARK [2][-]{subsection.2.2.2}{Artificial neural network \(ANN\)}{section.2.2}% 11
\BOOKMARK [1][-]{section.2.3}{Deep learning}{chapter.2}% 12
\BOOKMARK [2][-]{subsection.2.3.1}{Convolutional neural Network \(CNN / ConvNet\)}{section.2.3}% 13
\BOOKMARK [2][-]{subsection.2.3.2}{Dropout}{section.2.3}% 14
\BOOKMARK [2][-]{subsection.2.3.3}{Data augmentation}{section.2.3}% 15
\BOOKMARK [2][-]{subsection.2.3.4}{Backpropagation}{section.2.3}% 16
\BOOKMARK [2][-]{subsection.2.3.5}{Vanishing gradient}{section.2.3}% 17
\BOOKMARK [2][-]{subsection.2.3.6}{Batch normalization}{section.2.3}% 18
\BOOKMARK [0][-]{chapter.3}{Model}{}% 19
\BOOKMARK [1][-]{section.3.1}{Implementation}{chapter.3}% 20
\BOOKMARK [2][-]{subsection.3.1.1}{Keras}{section.3.1}% 21
\BOOKMARK [2][-]{subsection.3.1.2}{Architecture}{section.3.1}% 22
\BOOKMARK [2][-]{subsection.3.1.3}{Pretrained parameters}{section.3.1}% 23
\BOOKMARK [2][-]{subsection.3.1.4}{Improving generalization}{section.3.1}% 24
\BOOKMARK [0][-]{chapter.4}{Data}{}% 25
\BOOKMARK [1][-]{section.4.1}{ImageNet}{chapter.4}% 26
\BOOKMARK [2][-]{subsection.4.1.1}{Dataset}{section.4.1}% 27
\BOOKMARK [2][-]{subsection.4.1.2}{Preprocessing}{section.4.1}% 28
\BOOKMARK [1][-]{section.4.2}{Species}{chapter.4}% 29
\BOOKMARK [0][-]{chapter.5}{Results}{}% 30
\BOOKMARK [1][-]{section.5.1}{Hardware and software}{chapter.5}% 31
\BOOKMARK [1][-]{section.5.2}{ResNet-50 and Inception v3 comparison}{chapter.5}% 32
\BOOKMARK [1][-]{section.5.3}{Performance}{chapter.5}% 33
\BOOKMARK [1][-]{section.5.4}{Memory footprint}{chapter.5}% 34
\BOOKMARK [1][-]{section.5.5}{Future work}{chapter.5}% 35
\BOOKMARK [0][-]{chapter.6}{Conclusion}{}% 36
\BOOKMARK [0][-]{chapter*.40}{Bibliography}{}% 37
